<?xml version="1.0" encoding="UTF-8"?>
<testng-results ignored="0" total="2" passed="2" failed="0" skipped="0">
  <reporter-output>
  </reporter-output>
  <suite started-at="2025-08-03T11:46:34 IST" name="Default suite" finished-at="2025-08-03T11:46:37 IST" duration-ms="3649">
    <groups>
    </groups>
    <test started-at="2025-08-03T11:46:34 IST" name="Default test" finished-at="2025-08-03T11:46:37 IST" duration-ms="3649">
      <class name="Parallel_Execution.Parallel_Execution">
        <test-method signature="mytest1()[pri:0, instance:Parallel_Execution.Parallel_Execution@7b36aa0c]" started-at="2025-08-03T11:46:34 IST" name="mytest1" finished-at="2025-08-03T11:46:36 IST" duration-ms="2232" status="PASS">
          <reporter-output>
          </reporter-output>
        </test-method> <!-- mytest1 -->
        <test-method signature="mytest2()[pri:0, instance:Parallel_Execution.Parallel_Execution@7b36aa0c]" started-at="2025-08-03T11:46:36 IST" name="mytest2" finished-at="2025-08-03T11:46:37 IST" duration-ms="1382" status="PASS">
          <reporter-output>
          </reporter-output>
        </test-method> <!-- mytest2 -->
      </class> <!-- Parallel_Execution.Parallel_Execution -->
    </test> <!-- Default test -->
  </suite> <!-- Default suite -->
</testng-results>
